{
  "stats": {
    "suites": 1,
    "tests": 1,
    "passes": 1,
    "pending": 0,
    "failures": 0,
    "start": "2018-05-23T11:58:47.173Z",
    "end": "2018-05-23T11:58:47.179Z",
    "duration": 6,
    "testsRegistered": 1,
    "passPercent": 100,
    "pendingPercent": 0,
    "other": 0,
    "hasOther": false,
    "skipped": 0,
    "hasSkipped": false,
    "passPercentClass": "success",
    "pendingPercentClass": "danger"
  },
  "suites": {
    "uuid": "6afc1cb7-e3ec-4b0b-9c00-6230f6929393",
    "title": "",
    "fullFile": "",
    "file": "",
    "beforeHooks": [],
    "afterHooks": [],
    "tests": [],
    "suites": [
      {
        "uuid": "87be57af-1840-4bc0-91f1-7dfb24208a7c",
        "title": "test suite",
        "fullFile": "/Users/ivelinpenchev/workspace/cerberus/e2e/suites/one.js",
        "file": "/suites/one.js",
        "beforeHooks": [],
        "afterHooks": [],
        "tests": [
          {
            "title": "should add context",
            "fullTitle": "test suite should add context",
            "timedOut": false,
            "duration": 0,
            "state": "passed",
            "speed": "fast",
            "pass": true,
            "fail": false,
            "pending": false,
            "code": "",
            "err": {},
            "isRoot": false,
            "uuid": "5003a686-fb5b-44e1-b345-c64e79bd2c97",
            "isHook": false,
            "skipped": false
          }
        ],
        "suites": [],
        "passes": [
          "5003a686-fb5b-44e1-b345-c64e79bd2c97"
        ],
        "failures": [],
        "pending": [],
        "skipped": [],
        "duration": 0,
        "root": false,
        "rootEmpty": false,
        "_timeout": 2000
      }
    ],
    "passes": [],
    "failures": [],
    "pending": [],
    "skipped": [],
    "duration": 0,
    "root": true,
    "rootEmpty": true,
    "_timeout": 2000
  },
  "copyrightYear": 2018
}