{
  "stats": {
    "suites": 1,
    "tests": 1,
    "passes": 1,
    "pending": 0,
    "failures": 0,
    "start": "2018-05-23T12:00:56.484Z",
    "end": "2018-05-23T12:00:56.491Z",
    "duration": 7,
    "testsRegistered": 1,
    "passPercent": 100,
    "pendingPercent": 0,
    "other": 0,
    "hasOther": false,
    "skipped": 0,
    "hasSkipped": false,
    "passPercentClass": "success",
    "pendingPercentClass": "danger"
  },
  "suites": {
    "uuid": "76d8a8fa-15c5-4dcb-80ef-de3f749d71b7",
    "title": "",
    "fullFile": "",
    "file": "",
    "beforeHooks": [],
    "afterHooks": [],
    "tests": [],
    "suites": [
      {
        "uuid": "87708689-4225-4214-adc5-efd6cc57ba7c",
        "title": "test suite",
        "fullFile": "/Users/ivelinpenchev/workspace/cerberus/e2e/suites/one.js",
        "file": "/suites/one.js",
        "beforeHooks": [],
        "afterHooks": [],
        "tests": [
          {
            "title": "should add context",
            "fullTitle": "test suite should add context",
            "timedOut": false,
            "duration": 1,
            "state": "passed",
            "speed": "fast",
            "pass": true,
            "fail": false,
            "pending": false,
            "code": "",
            "err": {},
            "isRoot": false,
            "uuid": "ae8a7323-8662-4a18-952c-8a27397bd140",
            "isHook": false,
            "skipped": false
          }
        ],
        "suites": [],
        "passes": [
          "ae8a7323-8662-4a18-952c-8a27397bd140"
        ],
        "failures": [],
        "pending": [],
        "skipped": [],
        "duration": 1,
        "root": false,
        "rootEmpty": false,
        "_timeout": 2000
      }
    ],
    "passes": [],
    "failures": [],
    "pending": [],
    "skipped": [],
    "duration": 0,
    "root": true,
    "rootEmpty": true,
    "_timeout": 2000
  },
  "copyrightYear": 2018
}